# JRE version: Java(TM) SE Runtime Environment (8.0_101-b13) (build 1.8.0_101-b13)
# Java VM: Java HotSpot(TM) 64-Bit Server VM (25.101-b13 mixed mode windows-amd64 compressed oops)
Heap:
 PSYoungGen      total 282112K, used 136679K [0x000000076ab00000, 0x0000000785600000, 0x00000007c0000000)
  eden space 202752K, 28% used [0x000000076ab00000,0x000000076e2fe710,0x0000000777100000)
  from space 79360K, 99% used [0x0000000778900000,0x000000077d67b600,0x000000077d680000)
  to   space 117248K, 0% used [0x000000077e380000,0x000000077e380000,0x0000000785600000)
 ParOldGen       total 201216K, used 134882K [0x00000006c0000000, 0x00000006cc480000, 0x000000076ab00000)
  object space 201216K, 67% used [0x00000006c0000000,0x00000006c83b88a0,0x00000006cc480000)
 Metaspace       used 6420K, capacity 7192K, committed 7424K, reserved 1056768K
  class space    used 622K, capacity 656K, committed 768K, reserved 1048576K
GC Heap History (10 events):
Event: 3.181 GC heap before
{Heap before GC invocations=4 (full 0):
 PSYoungGen      total 71680K, used 71667K [0x000000076ab00000, 0x0000000773700000, 0x00000007c0000000)
  eden space 66560K, 100% used [0x000000076ab00000,0x000000076ec00000,0x000000076ec00000)
  from space 5120K, 99% used [0x000000076ec00000,0x000000076f0fce88,0x000000076f100000)
  to   space 5120K, 0% used [0x0000000773200000,0x0000000773200000,0x0000000773700000)
 ParOldGen       total 87552K, used 13413K [0x00000006c0000000, 0x00000006c5580000, 0x000000076ab00000)
  object space 87552K, 15% used [0x00000006c0000000,0x00000006c0d194a0,0x00000006c5580000)
 Metaspace       used 6355K, capacity 7128K, committed 7424K, reserved 1056768K
  class space    used 621K, capacity 656K, committed 768K, reserved 1048576K
Event: 3.226 GC heap after
Heap after GC invocations=4 (full 0):
 PSYoungGen      total 138240K, used 5108K [0x000000076ab00000, 0x0000000773700000, 0x00000007c0000000)
  eden space 133120K, 0% used [0x000000076ab00000,0x000000076ab00000,0x0000000772d00000)
  from space 5120K, 99% used [0x0000000773200000,0x00000007736fd0c0,0x0000000773700000)
  to   space 5120K, 0% used [0x0000000772d00000,0x0000000772d00000,0x0000000773200000)
 ParOldGen       total 87552K, used 33344K [0x00000006c0000000, 0x00000006c5580000, 0x000000076ab00000)
  object space 87552K, 38% used [0x00000006c0000000,0x00000006c20903b8,0x00000006c5580000)
 Metaspace       used 6355K, capacity 7128K, committed 7424K, reserved 1056768K
  class space    used 621K, capacity 656K, committed 768K, reserved 1048576K
}
Event: 4.303 GC heap before
{Heap before GC invocations=5 (full 0):
 PSYoungGen      total 138240K, used 138228K [0x000000076ab00000, 0x0000000773700000, 0x00000007c0000000)
  eden space 133120K, 100% used [0x000000076ab00000,0x0000000772d00000,0x0000000772d00000)
  from space 5120K, 99% used [0x0000000773200000,0x00000007736fd0c0,0x0000000773700000)
  to   space 5120K, 0% used [0x0000000772d00000,0x0000000772d00000,0x0000000773200000)
 ParOldGen       total 87552K, used 33344K [0x00000006c0000000, 0x00000006c5580000, 0x000000076ab00000)
  object space 87552K, 38% used [0x00000006c0000000,0x00000006c20903b8,0x00000006c5580000)
 Metaspace       used 6397K, capacity 7192K, committed 7424K, reserved 1056768K
  class space    used 622K, capacity 656K, committed 768K, reserved 1048576K
Event: 4.394 GC heap after
Heap after GC invocations=5 (full 0):
 PSYoungGen      total 138240K, used 5088K [0x000000076ab00000, 0x0000000782400000, 0x00000007c0000000)
  eden space 133120K, 0% used [0x000000076ab00000,0x000000076ab00000,0x0000000772d00000)
  from space 5120K, 99% used [0x0000000772d00000,0x00000007731f8028,0x0000000773200000)
  to   space 59904K, 0% used [0x000000077e980000,0x000000077e980000,0x0000000782400000)
 ParOldGen       total 94208K, used 93426K [0x00000006c0000000, 0x00000006c5c00000, 0x000000076ab00000)
  object space 94208K, 99% used [0x00000006c0000000,0x00000006c5b3ca08,0x00000006c5c00000)
 Metaspace       used 6397K, capacity 7192K, committed 7424K, reserved 1056768K
  class space    used 622K, capacity 656K, committed 768K, reserved 1048576K
}
Event: 4.394 GC heap before
{Heap before GC invocations=6 (full 1):
 PSYoungGen      total 138240K, used 5088K [0x000000076ab00000, 0x0000000782400000, 0x00000007c0000000)
  eden space 133120K, 0% used [0x000000076ab00000,0x000000076ab00000,0x0000000772d00000)
  from space 5120K, 99% used [0x0000000772d00000,0x00000007731f8028,0x0000000773200000)
  to   space 59904K, 0% used [0x000000077e980000,0x000000077e980000,0x0000000782400000)
 ParOldGen       total 94208K, used 93426K [0x00000006c0000000, 0x00000006c5c00000, 0x000000076ab00000)
  object space 94208K, 99% used [0x00000006c0000000,0x00000006c5b3ca08,0x00000006c5c00000)
 Metaspace       used 6397K, capacity 7192K, committed 7424K, reserved 1056768K
  class space    used 622K, capacity 656K, committed 768K, reserved 1048576K
Event: 6.345 GC heap after
Heap after GC invocations=6 (full 1):
 PSYoungGen      total 138240K, used 0K [0x000000076ab00000, 0x0000000782400000, 0x00000007c0000000)
  eden space 133120K, 0% used [0x000000076ab00000,0x000000076ab00000,0x0000000772d00000)
  from space 5120K, 0% used [0x0000000772d00000,0x0000000772d00000,0x0000000773200000)
  to   space 59904K, 0% used [0x000000077e980000,0x000000077e980000,0x0000000782400000)
 ParOldGen       total 201216K, used 84941K [0x00000006c0000000, 0x00000006cc480000, 0x000000076ab00000)
  object space 201216K, 42% used [0x00000006c0000000,0x00000006c52f3690,0x00000006cc480000)
 Metaspace       used 6397K, capacity 7192K, committed 7424K, reserved 1056768K
  class space    used 622K, capacity 656K, committed 768K, reserved 1048576K
}
Event: 6.885 GC heap before
{Heap before GC invocations=7 (full 1):
 PSYoungGen      total 138240K, used 133120K [0x000000076ab00000, 0x0000000782400000, 0x00000007c0000000)
  eden space 133120K, 100% used [0x000000076ab00000,0x0000000772d00000,0x0000000772d00000)
  from space 5120K, 0% used [0x0000000772d00000,0x0000000772d00000,0x0000000773200000)
  to   space 59904K, 0% used [0x000000077e980000,0x000000077e980000,0x0000000782400000)
 ParOldGen       total 201216K, used 84941K [0x00000006c0000000, 0x00000006cc480000, 0x000000076ab00000)
  object space 201216K, 42% used [0x00000006c0000000,0x00000006c52f3690,0x00000006cc480000)
 Metaspace       used 6400K, capacity 7192K, committed 7424K, reserved 1056768K
  class space    used 622K, capacity 656K, committed 768K, reserved 1048576K
Event: 7.171 GC heap after
Heap after GC invocations=7 (full 1):
 PSYoungGen      total 216064K, used 59886K [0x000000076ab00000, 0x0000000782400000, 0x00000007c0000000)
  eden space 156160K, 0% used [0x000000076ab00000,0x000000076ab00000,0x0000000774380000)
  from space 59904K, 99% used [0x000000077e980000,0x00000007823fb9a8,0x0000000782400000)
  to   space 79360K, 0% used [0x0000000778900000,0x0000000778900000,0x000000077d680000)
 ParOldGen       total 201216K, used 93661K [0x00000006c0000000, 0x00000006cc480000, 0x000000076ab00000)
  object space 201216K, 46% used [0x00000006c0000000,0x00000006c5b77620,0x00000006cc480000)
 Metaspace       used 6400K, capacity 7192K, committed 7424K, reserved 1056768K
  class space    used 622K, capacity 656K, committed 768K, reserved 1048576K
}
Event: 8.457 GC heap before
{Heap before GC invocations=8 (full 1):
 PSYoungGen      total 216064K, used 216046K [0x000000076ab00000, 0x0000000782400000, 0x00000007c0000000)
  eden space 156160K, 100% used [0x000000076ab00000,0x0000000774380000,0x0000000774380000)
  from space 59904K, 99% used [0x000000077e980000,0x00000007823fb9a8,0x0000000782400000)
  to   space 79360K, 0% used [0x0000000778900000,0x0000000778900000,0x000000077d680000)
 ParOldGen       total 201216K, used 93661K [0x00000006c0000000, 0x00000006cc480000, 0x000000076ab00000)
  object space 201216K, 46% used [0x00000006c0000000,0x00000006c5b77620,0x00000006cc480000)
 Metaspace       used 6418K, capacity 7192K, committed 7424K, reserved 1056768K
  class space    used 622K, capacity 656K, committed 768K, reserved 1048576K
Event: 9.083 GC heap after
Heap after GC invocations=8 (full 1):
 PSYoungGen      total 282112K, used 79341K [0x000000076ab00000, 0x0000000785600000, 0x00000007c0000000)
  eden space 202752K, 0% used [0x000000076ab00000,0x000000076ab00000,0x0000000777100000)
  from space 79360K, 99% used [0x0000000778900000,0x000000077d67b600,0x000000077d680000)
  to   space 117248K, 0% used [0x000000077e380000,0x000000077e380000,0x0000000785600000)
 ParOldGen       total 201216K, used 134882K [0x00000006c0000000, 0x00000006cc480000, 0x000000076ab00000)
  object space 201216K, 67% used [0x00000006c0000000,0x00000006c83b88a0,0x00000006cc480000)
 Metaspace       used 6418K, capacity 7192K, committed 7424K, reserved 1056768K
  class space    used 622K, capacity 656K, committed 768K, reserved 1048576K
}

